{"total": {"lines":{"total":41,"covered":41,"skipped":0,"pct":100},"statements":{"total":45,"covered":45,"skipped":0,"pct":100},"functions":{"total":8,"covered":8,"skipped":0,"pct":100},"branches":{"total":24,"covered":24,"skipped":0,"pct":100},"branchesTrue":{"total":0,"covered":0,"skipped":0,"pct":"Unknown"}}
,"/Users/anachronistic/Documents/WebDev/VanillaJs/Toast/src/Toast.js": {"lines":{"total":41,"covered":41,"skipped":0,"pct":100},"functions":{"total":8,"covered":8,"skipped":0,"pct":100},"statements":{"total":45,"covered":45,"skipped":0,"pct":100},"branches":{"total":24,"covered":24,"skipped":0,"pct":100}}
}
