{"total": {"lines":{"total":39,"covered":33,"skipped":0,"pct":84.61},"statements":{"total":43,"covered":33,"skipped":0,"pct":76.74},"functions":{"total":8,"covered":5,"skipped":0,"pct":62.5},"branches":{"total":22,"covered":16,"skipped":0,"pct":72.72},"branchesTrue":{"total":0,"covered":0,"skipped":0,"pct":"Unknown"}}
,"/Users/anachronistic/Documents/WebDev/VanillaJs/Toast/src/Toast.js": {"lines":{"total":39,"covered":33,"skipped":0,"pct":84.61},"functions":{"total":8,"covered":5,"skipped":0,"pct":62.5},"statements":{"total":43,"covered":33,"skipped":0,"pct":76.74},"branches":{"total":22,"covered":16,"skipped":0,"pct":72.72}}
}
